app/build/intermediates/manifest_merge_blame_file/debug/manifest-merger-blame-debug-report.txt
1<?xml version="1.0" encoding="utf-8"?>
2<manifest xmlns:android="http://schemas.android.com/apk/res/android"
3    package="com.gertec.recognition"
4    android:versionCode="1"
5    android:versionName="1.0" >
6
7    <uses-sdk
<<<<<<< HEAD
8        android:minSdkVersion="24"
=======
8        android:minSdkVersion="31"
>>>>>>> 092c94a (Primeiro commit do projeto)
9        android:targetSdkVersion="34" />
10
11    <uses-permission android:name="android.permission.CAMERA" />
11-->src\main\AndroidManifest.xml:5:5-65
11-->src\main\AndroidManifest.xml:5:22-62
12    <uses-permission android:name="android.permission.INTERNET" />
12-->src\main\AndroidManifest.xml:6:5-67
12-->src\main\AndroidManifest.xml:6:22-64
13    <uses-permission android:name="android.permission.ACCESS_NETWORK_STATE" />
13-->src\main\AndroidManifest.xml:7:5-79
13-->src\main\AndroidManifest.xml:7:22-76
14
15    <uses-feature
15-->src\main\AndroidManifest.xml:9:5-11:35
16        android:name="android.hardware.camera"
16-->src\main\AndroidManifest.xml:10:9-47
17        android:required="true" />
17-->src\main\AndroidManifest.xml:11:9-32
18
19    <queries>
<<<<<<< HEAD
19-->[androidx.camera:camera-extensions:1.3.4] AndroidManifest.xml:22:5-26:15
20        <intent>
20-->[androidx.camera:camera-extensions:1.3.4] AndroidManifest.xml:23:9-25:18
21            <action android:name="androidx.camera.extensions.action.VENDOR_ACTION" />
21-->[androidx.camera:camera-extensions:1.3.4] AndroidManifest.xml:24:13-86
21-->[androidx.camera:camera-extensions:1.3.4] AndroidManifest.xml:24:21-83
=======
19-->[androidx.camera:camera-extensions:1.2.3] AndroidManifest.xml:22:5-26:15
20        <intent>
20-->[androidx.camera:camera-extensions:1.2.3] AndroidManifest.xml:23:9-25:18
21            <action android:name="androidx.camera.extensions.action.VENDOR_ACTION" />
21-->[androidx.camera:camera-extensions:1.2.3] AndroidManifest.xml:24:13-86
21-->[androidx.camera:camera-extensions:1.2.3] AndroidManifest.xml:24:21-83
>>>>>>> 092c94a (Primeiro commit do projeto)
22        </intent>
23    </queries>
24
25    <permission
<<<<<<< HEAD
25-->[androidx.core:core:1.13.0] AndroidManifest.xml:22:5-24:47
26        android:name="com.gertec.recognition.DYNAMIC_RECEIVER_NOT_EXPORTED_PERMISSION"
26-->[androidx.core:core:1.13.0] AndroidManifest.xml:23:9-81
27        android:protectionLevel="signature" />
27-->[androidx.core:core:1.13.0] AndroidManifest.xml:24:9-44
28
29    <uses-permission android:name="com.gertec.recognition.DYNAMIC_RECEIVER_NOT_EXPORTED_PERMISSION" />
29-->[androidx.core:core:1.13.0] AndroidManifest.xml:26:5-97
29-->[androidx.core:core:1.13.0] AndroidManifest.xml:26:22-94
30
31    <application
31-->src\main\AndroidManifest.xml:13:5-39:19
32        android:allowBackup="true"
32-->src\main\AndroidManifest.xml:14:9-35
33        android:appComponentFactory="androidx.core.app.CoreComponentFactory"
33-->[androidx.core:core:1.13.0] AndroidManifest.xml:28:18-86
=======
25-->[androidx.core:core:1.9.0] AndroidManifest.xml:22:5-24:47
26        android:name="com.gertec.recognition.DYNAMIC_RECEIVER_NOT_EXPORTED_PERMISSION"
26-->[androidx.core:core:1.9.0] AndroidManifest.xml:23:9-81
27        android:protectionLevel="signature" />
27-->[androidx.core:core:1.9.0] AndroidManifest.xml:24:9-44
28
29    <uses-permission android:name="com.gertec.recognition.DYNAMIC_RECEIVER_NOT_EXPORTED_PERMISSION" />
29-->[androidx.core:core:1.9.0] AndroidManifest.xml:26:5-97
29-->[androidx.core:core:1.9.0] AndroidManifest.xml:26:22-94
30
31    <application
31-->src\main\AndroidManifest.xml:13:5-38:19
32        android:allowBackup="true"
32-->src\main\AndroidManifest.xml:14:9-35
33        android:appComponentFactory="androidx.core.app.CoreComponentFactory"
33-->[androidx.core:core:1.9.0] AndroidManifest.xml:28:18-86
>>>>>>> 092c94a (Primeiro commit do projeto)
34        android:debuggable="true"
35        android:extractNativeLibs="false"
36        android:icon="@mipmap/ic_launcher"
36-->src\main\AndroidManifest.xml:15:9-43
37        android:label="@string/app_name"
37-->src\main\AndroidManifest.xml:16:9-41
38        android:roundIcon="@mipmap/ic_launcher_round"
38-->src\main\AndroidManifest.xml:17:9-54
39        android:supportsRtl="true"
39-->src\main\AndroidManifest.xml:18:9-35
40        android:testOnly="true"
41        android:theme="@style/Theme.GertecRecognition" >
41-->src\main\AndroidManifest.xml:19:9-55
42        <activity
<<<<<<< HEAD
42-->src\main\AndroidManifest.xml:20:9-22:40
43            android:name="com.gertec.recognition.ProductListActivity"
43-->src\main\AndroidManifest.xml:21:13-48
44            android:exported="false" />
44-->src\main\AndroidManifest.xml:22:13-37
45        <activity
45-->src\main\AndroidManifest.xml:23:9-31:20
46            android:name="com.gertec.recognition.MainActivity"
46-->src\main\AndroidManifest.xml:24:13-41
47            android:exported="true" >
47-->src\main\AndroidManifest.xml:25:13-36
48            <intent-filter>
48-->src\main\AndroidManifest.xml:26:13-30:29
49                <action android:name="android.intent.action.MAIN" />
49-->src\main\AndroidManifest.xml:27:17-69
49-->src\main\AndroidManifest.xml:27:25-66
50
51                <category android:name="android.intent.category.LAUNCHER" />
51-->src\main\AndroidManifest.xml:29:17-77
51-->src\main\AndroidManifest.xml:29:27-74
52            </intent-filter>
53        </activity>
54        <activity
54-->src\main\AndroidManifest.xml:32:9-34:40
55            android:name="com.gertec.recognition.CameraActivity"
55-->src\main\AndroidManifest.xml:33:13-43
56            android:exported="false" />
56-->src\main\AndroidManifest.xml:34:13-37
57        <activity
57-->src\main\AndroidManifest.xml:35:9-38:72
58            android:name="com.gertec.recognition.ProductDetailsActivity"
58-->src\main\AndroidManifest.xml:36:13-51
59            android:exported="false"
59-->src\main\AndroidManifest.xml:37:13-37
60            android:theme="@style/Theme.AppCompat.Light.NoActionBar" />
60-->src\main\AndroidManifest.xml:38:13-69
61
62        <uses-library
62-->[androidx.camera:camera-extensions:1.3.4] AndroidManifest.xml:29:9-31:40
63            android:name="androidx.camera.extensions.impl"
63-->[androidx.camera:camera-extensions:1.3.4] AndroidManifest.xml:30:13-59
64            android:required="false" />
64-->[androidx.camera:camera-extensions:1.3.4] AndroidManifest.xml:31:13-37
65
66        <service
66-->[androidx.camera:camera-camera2:1.3.4] AndroidManifest.xml:24:9-33:19
67            android:name="androidx.camera.core.impl.MetadataHolderService"
67-->[androidx.camera:camera-camera2:1.3.4] AndroidManifest.xml:25:13-75
68            android:enabled="false"
68-->[androidx.camera:camera-camera2:1.3.4] AndroidManifest.xml:26:13-36
69            android:exported="false" >
69-->[androidx.camera:camera-camera2:1.3.4] AndroidManifest.xml:27:13-37
70            <meta-data
70-->[androidx.camera:camera-camera2:1.3.4] AndroidManifest.xml:30:13-32:89
71                android:name="androidx.camera.core.impl.MetadataHolderService.DEFAULT_CONFIG_PROVIDER"
71-->[androidx.camera:camera-camera2:1.3.4] AndroidManifest.xml:31:17-103
72                android:value="androidx.camera.camera2.Camera2Config$DefaultProvider" />
72-->[androidx.camera:camera-camera2:1.3.4] AndroidManifest.xml:32:17-86
73        </service>
74        <service
74-->[com.google.mlkit:object-detection:17.0.2] AndroidManifest.xml:11:9-17:19
75            android:name="com.google.mlkit.common.internal.MlKitComponentDiscoveryService"
75-->[com.google.mlkit:object-detection:17.0.2] AndroidManifest.xml:12:13-91
76            android:directBootAware="true"
76-->[com.google.mlkit:common:18.11.0] AndroidManifest.xml:17:13-43
77            android:exported="false" >
77-->[com.google.mlkit:object-detection:17.0.2] AndroidManifest.xml:13:13-37
78            <meta-data
78-->[com.google.mlkit:object-detection:17.0.2] AndroidManifest.xml:14:13-16:85
79                android:name="com.google.firebase.components:com.google.mlkit.vision.objects.defaults.internal.DefaultObjectsRegistrar"
79-->[com.google.mlkit:object-detection:17.0.2] AndroidManifest.xml:15:17-136
80                android:value="com.google.firebase.components.ComponentRegistrar" />
80-->[com.google.mlkit:object-detection:17.0.2] AndroidManifest.xml:16:17-82
81            <meta-data
81-->[com.google.mlkit:object-detection-custom:17.0.2] AndroidManifest.xml:11:13-13:85
82                android:name="com.google.firebase.components:com.google.mlkit.vision.objects.custom.internal.CustomObjectsRegistrar"
82-->[com.google.mlkit:object-detection-custom:17.0.2] AndroidManifest.xml:12:17-133
83                android:value="com.google.firebase.components.ComponentRegistrar" />
83-->[com.google.mlkit:object-detection-custom:17.0.2] AndroidManifest.xml:13:17-82
84            <meta-data
84-->[com.google.mlkit:image-labeling:17.0.9] AndroidManifest.xml:11:13-13:85
85                android:name="com.google.firebase.components:com.google.mlkit.vision.label.defaults.internal.BundledLabelRegistrar"
85-->[com.google.mlkit:image-labeling:17.0.9] AndroidManifest.xml:12:17-132
86                android:value="com.google.firebase.components.ComponentRegistrar" />
86-->[com.google.mlkit:image-labeling:17.0.9] AndroidManifest.xml:13:17-82
87            <meta-data
87-->[com.google.mlkit:vision-internal-vkp:18.2.3] AndroidManifest.xml:14:13-16:85
88                android:name="com.google.firebase.components:com.google.mlkit.vision.vkp.VkpRegistrar"
88-->[com.google.mlkit:vision-internal-vkp:18.2.3] AndroidManifest.xml:15:17-103
89                android:value="com.google.firebase.components.ComponentRegistrar" />
89-->[com.google.mlkit:vision-internal-vkp:18.2.3] AndroidManifest.xml:16:17-82
90            <meta-data
90-->[com.google.mlkit:vision-common:17.3.0] AndroidManifest.xml:12:13-14:85
91                android:name="com.google.firebase.components:com.google.mlkit.vision.common.internal.VisionCommonRegistrar"
91-->[com.google.mlkit:vision-common:17.3.0] AndroidManifest.xml:13:17-124
92                android:value="com.google.firebase.components.ComponentRegistrar" />
92-->[com.google.mlkit:vision-common:17.3.0] AndroidManifest.xml:14:17-82
93            <meta-data
93-->[com.google.mlkit:common:18.11.0] AndroidManifest.xml:20:13-22:85
94                android:name="com.google.firebase.components:com.google.mlkit.common.internal.CommonComponentRegistrar"
94-->[com.google.mlkit:common:18.11.0] AndroidManifest.xml:21:17-120
95                android:value="com.google.firebase.components.ComponentRegistrar" />
95-->[com.google.mlkit:common:18.11.0] AndroidManifest.xml:22:17-82
96        </service>
97
98        <provider
98-->[com.google.mlkit:common:18.11.0] AndroidManifest.xml:9:9-13:38
99            android:name="com.google.mlkit.common.internal.MlKitInitProvider"
99-->[com.google.mlkit:common:18.11.0] AndroidManifest.xml:10:13-78
100            android:authorities="com.gertec.recognition.mlkitinitprovider"
100-->[com.google.mlkit:common:18.11.0] AndroidManifest.xml:11:13-69
101            android:exported="false"
101-->[com.google.mlkit:common:18.11.0] AndroidManifest.xml:12:13-37
102            android:initOrder="99" />
102-->[com.google.mlkit:common:18.11.0] AndroidManifest.xml:13:13-35
103
104        <activity
104-->[com.google.android.gms:play-services-base:18.5.0] AndroidManifest.xml:5:9-173
105            android:name="com.google.android.gms.common.api.GoogleApiActivity"
105-->[com.google.android.gms:play-services-base:18.5.0] AndroidManifest.xml:5:19-85
106            android:exported="false"
106-->[com.google.android.gms:play-services-base:18.5.0] AndroidManifest.xml:5:146-170
107            android:theme="@android:style/Theme.Translucent.NoTitleBar" />
107-->[com.google.android.gms:play-services-base:18.5.0] AndroidManifest.xml:5:86-145
108
109        <meta-data
109-->[com.google.android.gms:play-services-basement:18.4.0] AndroidManifest.xml:6:9-122
110            android:name="com.google.android.gms.version"
110-->[com.google.android.gms:play-services-basement:18.4.0] AndroidManifest.xml:6:20-65
111            android:value="@integer/google_play_services_version" />
111-->[com.google.android.gms:play-services-basement:18.4.0] AndroidManifest.xml:6:66-119
112
113        <provider
113-->[androidx.emoji2:emoji2:1.3.0] AndroidManifest.xml:24:9-32:20
114            android:name="androidx.startup.InitializationProvider"
114-->[androidx.emoji2:emoji2:1.3.0] AndroidManifest.xml:25:13-67
115            android:authorities="com.gertec.recognition.androidx-startup"
115-->[androidx.emoji2:emoji2:1.3.0] AndroidManifest.xml:26:13-68
116            android:exported="false" >
116-->[androidx.emoji2:emoji2:1.3.0] AndroidManifest.xml:27:13-37
117            <meta-data
117-->[androidx.emoji2:emoji2:1.3.0] AndroidManifest.xml:29:13-31:52
118                android:name="androidx.emoji2.text.EmojiCompatInitializer"
118-->[androidx.emoji2:emoji2:1.3.0] AndroidManifest.xml:30:17-75
119                android:value="androidx.startup" />
119-->[androidx.emoji2:emoji2:1.3.0] AndroidManifest.xml:31:17-49
120            <meta-data
120-->[androidx.lifecycle:lifecycle-process:2.6.2] AndroidManifest.xml:29:13-31:52
121                android:name="androidx.lifecycle.ProcessLifecycleInitializer"
121-->[androidx.lifecycle:lifecycle-process:2.6.2] AndroidManifest.xml:30:17-78
122                android:value="androidx.startup" />
122-->[androidx.lifecycle:lifecycle-process:2.6.2] AndroidManifest.xml:31:17-49
123            <meta-data
123-->[androidx.profileinstaller:profileinstaller:1.3.1] AndroidManifest.xml:29:13-31:52
124                android:name="androidx.profileinstaller.ProfileInstallerInitializer"
124-->[androidx.profileinstaller:profileinstaller:1.3.1] AndroidManifest.xml:30:17-85
125                android:value="androidx.startup" />
125-->[androidx.profileinstaller:profileinstaller:1.3.1] AndroidManifest.xml:31:17-49
126        </provider>
127
128        <receiver
128-->[androidx.profileinstaller:profileinstaller:1.3.1] AndroidManifest.xml:34:9-52:20
129            android:name="androidx.profileinstaller.ProfileInstallReceiver"
129-->[androidx.profileinstaller:profileinstaller:1.3.1] AndroidManifest.xml:35:13-76
130            android:directBootAware="false"
130-->[androidx.profileinstaller:profileinstaller:1.3.1] AndroidManifest.xml:36:13-44
131            android:enabled="true"
131-->[androidx.profileinstaller:profileinstaller:1.3.1] AndroidManifest.xml:37:13-35
132            android:exported="true"
132-->[androidx.profileinstaller:profileinstaller:1.3.1] AndroidManifest.xml:38:13-36
133            android:permission="android.permission.DUMP" >
133-->[androidx.profileinstaller:profileinstaller:1.3.1] AndroidManifest.xml:39:13-57
134            <intent-filter>
134-->[androidx.profileinstaller:profileinstaller:1.3.1] AndroidManifest.xml:40:13-42:29
135                <action android:name="androidx.profileinstaller.action.INSTALL_PROFILE" />
135-->[androidx.profileinstaller:profileinstaller:1.3.1] AndroidManifest.xml:41:17-91
135-->[androidx.profileinstaller:profileinstaller:1.3.1] AndroidManifest.xml:41:25-88
136            </intent-filter>
137            <intent-filter>
137-->[androidx.profileinstaller:profileinstaller:1.3.1] AndroidManifest.xml:43:13-45:29
138                <action android:name="androidx.profileinstaller.action.SKIP_FILE" />
138-->[androidx.profileinstaller:profileinstaller:1.3.1] AndroidManifest.xml:44:17-85
138-->[androidx.profileinstaller:profileinstaller:1.3.1] AndroidManifest.xml:44:25-82
139            </intent-filter>
140            <intent-filter>
140-->[androidx.profileinstaller:profileinstaller:1.3.1] AndroidManifest.xml:46:13-48:29
141                <action android:name="androidx.profileinstaller.action.SAVE_PROFILE" />
141-->[androidx.profileinstaller:profileinstaller:1.3.1] AndroidManifest.xml:47:17-88
141-->[androidx.profileinstaller:profileinstaller:1.3.1] AndroidManifest.xml:47:25-85
142            </intent-filter>
143            <intent-filter>
143-->[androidx.profileinstaller:profileinstaller:1.3.1] AndroidManifest.xml:49:13-51:29
144                <action android:name="androidx.profileinstaller.action.BENCHMARK_OPERATION" />
144-->[androidx.profileinstaller:profileinstaller:1.3.1] AndroidManifest.xml:50:17-95
144-->[androidx.profileinstaller:profileinstaller:1.3.1] AndroidManifest.xml:50:25-92
145            </intent-filter>
146        </receiver>
147
148        <service
148-->[com.google.android.datatransport:transport-backend-cct:2.3.3] AndroidManifest.xml:29:9-35:19
149            android:name="com.google.android.datatransport.runtime.backends.TransportBackendDiscovery"
149-->[com.google.android.datatransport:transport-backend-cct:2.3.3] AndroidManifest.xml:30:13-103
150            android:exported="false" >
150-->[com.google.android.datatransport:transport-backend-cct:2.3.3] AndroidManifest.xml:31:13-37
151            <meta-data
151-->[com.google.android.datatransport:transport-backend-cct:2.3.3] AndroidManifest.xml:32:13-34:39
152                android:name="backend:com.google.android.datatransport.cct.CctBackendFactory"
152-->[com.google.android.datatransport:transport-backend-cct:2.3.3] AndroidManifest.xml:33:17-94
153                android:value="cct" />
153-->[com.google.android.datatransport:transport-backend-cct:2.3.3] AndroidManifest.xml:34:17-36
154        </service>
155        <service
155-->[com.google.android.datatransport:transport-runtime:2.2.6] AndroidManifest.xml:26:9-30:19
156            android:name="com.google.android.datatransport.runtime.scheduling.jobscheduling.JobInfoSchedulerService"
156-->[com.google.android.datatransport:transport-runtime:2.2.6] AndroidManifest.xml:27:13-117
157            android:exported="false"
157-->[com.google.android.datatransport:transport-runtime:2.2.6] AndroidManifest.xml:28:13-37
158            android:permission="android.permission.BIND_JOB_SERVICE" >
158-->[com.google.android.datatransport:transport-runtime:2.2.6] AndroidManifest.xml:29:13-69
159        </service>
160
161        <receiver
161-->[com.google.android.datatransport:transport-runtime:2.2.6] AndroidManifest.xml:32:9-34:40
162            android:name="com.google.android.datatransport.runtime.scheduling.jobscheduling.AlarmManagerSchedulerBroadcastReceiver"
162-->[com.google.android.datatransport:transport-runtime:2.2.6] AndroidManifest.xml:33:13-132
163            android:exported="false" />
163-->[com.google.android.datatransport:transport-runtime:2.2.6] AndroidManifest.xml:34:13-37
164    </application>
165
166</manifest>
=======
42-->src\main\AndroidManifest.xml:21:9-28:20
43            android:name="com.gertec.recognition.MainActivity"
43-->src\main\AndroidManifest.xml:22:13-41
44            android:exported="true" >
44-->src\main\AndroidManifest.xml:23:13-36
45            <intent-filter>
45-->src\main\AndroidManifest.xml:24:13-27:29
46                <action android:name="android.intent.action.MAIN" />
46-->src\main\AndroidManifest.xml:25:17-69
46-->src\main\AndroidManifest.xml:25:25-66
47
48                <category android:name="android.intent.category.LAUNCHER" />
48-->src\main\AndroidManifest.xml:26:17-77
48-->src\main\AndroidManifest.xml:26:27-74
49            </intent-filter>
50        </activity>
51        <activity
51-->src\main\AndroidManifest.xml:30:9-32:40
52            android:name="com.gertec.recognition.CameraActivity"
52-->src\main\AndroidManifest.xml:31:13-43
53            android:exported="false" />
53-->src\main\AndroidManifest.xml:32:13-37
54        <activity
54-->src\main\AndroidManifest.xml:34:9-36:40
55            android:name="com.gertec.recognition.ProductDetailsActivity"
55-->src\main\AndroidManifest.xml:35:13-51
56            android:exported="false" />
56-->src\main\AndroidManifest.xml:36:13-37
57
58        <service
58-->[com.google.mlkit:object-detection:17.0.2] AndroidManifest.xml:11:9-17:19
59            android:name="com.google.mlkit.common.internal.MlKitComponentDiscoveryService"
59-->[com.google.mlkit:object-detection:17.0.2] AndroidManifest.xml:12:13-91
60            android:directBootAware="true"
60-->[com.google.mlkit:common:18.11.0] AndroidManifest.xml:17:13-43
61            android:exported="false" >
61-->[com.google.mlkit:object-detection:17.0.2] AndroidManifest.xml:13:13-37
62            <meta-data
62-->[com.google.mlkit:object-detection:17.0.2] AndroidManifest.xml:14:13-16:85
63                android:name="com.google.firebase.components:com.google.mlkit.vision.objects.defaults.internal.DefaultObjectsRegistrar"
63-->[com.google.mlkit:object-detection:17.0.2] AndroidManifest.xml:15:17-136
64                android:value="com.google.firebase.components.ComponentRegistrar" />
64-->[com.google.mlkit:object-detection:17.0.2] AndroidManifest.xml:16:17-82
65            <meta-data
65-->[com.google.mlkit:object-detection-custom:17.0.2] AndroidManifest.xml:11:13-13:85
66                android:name="com.google.firebase.components:com.google.mlkit.vision.objects.custom.internal.CustomObjectsRegistrar"
66-->[com.google.mlkit:object-detection-custom:17.0.2] AndroidManifest.xml:12:17-133
67                android:value="com.google.firebase.components.ComponentRegistrar" />
67-->[com.google.mlkit:object-detection-custom:17.0.2] AndroidManifest.xml:13:17-82
68            <meta-data
68-->[com.google.mlkit:image-labeling:17.0.9] AndroidManifest.xml:11:13-13:85
69                android:name="com.google.firebase.components:com.google.mlkit.vision.label.defaults.internal.BundledLabelRegistrar"
69-->[com.google.mlkit:image-labeling:17.0.9] AndroidManifest.xml:12:17-132
70                android:value="com.google.firebase.components.ComponentRegistrar" />
70-->[com.google.mlkit:image-labeling:17.0.9] AndroidManifest.xml:13:17-82
71            <meta-data
71-->[com.google.mlkit:vision-internal-vkp:18.2.3] AndroidManifest.xml:14:13-16:85
72                android:name="com.google.firebase.components:com.google.mlkit.vision.vkp.VkpRegistrar"
72-->[com.google.mlkit:vision-internal-vkp:18.2.3] AndroidManifest.xml:15:17-103
73                android:value="com.google.firebase.components.ComponentRegistrar" />
73-->[com.google.mlkit:vision-internal-vkp:18.2.3] AndroidManifest.xml:16:17-82
74            <meta-data
74-->[com.google.mlkit:vision-common:17.3.0] AndroidManifest.xml:12:13-14:85
75                android:name="com.google.firebase.components:com.google.mlkit.vision.common.internal.VisionCommonRegistrar"
75-->[com.google.mlkit:vision-common:17.3.0] AndroidManifest.xml:13:17-124
76                android:value="com.google.firebase.components.ComponentRegistrar" />
76-->[com.google.mlkit:vision-common:17.3.0] AndroidManifest.xml:14:17-82
77            <meta-data
77-->[com.google.mlkit:common:18.11.0] AndroidManifest.xml:20:13-22:85
78                android:name="com.google.firebase.components:com.google.mlkit.common.internal.CommonComponentRegistrar"
78-->[com.google.mlkit:common:18.11.0] AndroidManifest.xml:21:17-120
79                android:value="com.google.firebase.components.ComponentRegistrar" />
79-->[com.google.mlkit:common:18.11.0] AndroidManifest.xml:22:17-82
80        </service>
81
82        <provider
82-->[com.google.mlkit:common:18.11.0] AndroidManifest.xml:9:9-13:38
83            android:name="com.google.mlkit.common.internal.MlKitInitProvider"
83-->[com.google.mlkit:common:18.11.0] AndroidManifest.xml:10:13-78
84            android:authorities="com.gertec.recognition.mlkitinitprovider"
84-->[com.google.mlkit:common:18.11.0] AndroidManifest.xml:11:13-69
85            android:exported="false"
85-->[com.google.mlkit:common:18.11.0] AndroidManifest.xml:12:13-37
86            android:initOrder="99" />
86-->[com.google.mlkit:common:18.11.0] AndroidManifest.xml:13:13-35
87
88        <uses-library
88-->[androidx.camera:camera-extensions:1.2.3] AndroidManifest.xml:29:9-31:40
89            android:name="androidx.camera.extensions.impl"
89-->[androidx.camera:camera-extensions:1.2.3] AndroidManifest.xml:30:13-59
90            android:required="false" />
90-->[androidx.camera:camera-extensions:1.2.3] AndroidManifest.xml:31:13-37
91
92        <service
92-->[androidx.camera:camera-camera2:1.2.3] AndroidManifest.xml:24:9-33:19
93            android:name="androidx.camera.core.impl.MetadataHolderService"
93-->[androidx.camera:camera-camera2:1.2.3] AndroidManifest.xml:25:13-75
94            android:enabled="false"
94-->[androidx.camera:camera-camera2:1.2.3] AndroidManifest.xml:26:13-36
95            android:exported="false" >
95-->[androidx.camera:camera-camera2:1.2.3] AndroidManifest.xml:27:13-37
96            <meta-data
96-->[androidx.camera:camera-camera2:1.2.3] AndroidManifest.xml:30:13-32:89
97                android:name="androidx.camera.core.impl.MetadataHolderService.DEFAULT_CONFIG_PROVIDER"
97-->[androidx.camera:camera-camera2:1.2.3] AndroidManifest.xml:31:17-103
98                android:value="androidx.camera.camera2.Camera2Config$DefaultProvider" />
98-->[androidx.camera:camera-camera2:1.2.3] AndroidManifest.xml:32:17-86
99        </service>
100
101        <activity
101-->[com.google.android.gms:play-services-base:18.5.0] AndroidManifest.xml:5:9-173
102            android:name="com.google.android.gms.common.api.GoogleApiActivity"
102-->[com.google.android.gms:play-services-base:18.5.0] AndroidManifest.xml:5:19-85
103            android:exported="false"
103-->[com.google.android.gms:play-services-base:18.5.0] AndroidManifest.xml:5:146-170
104            android:theme="@android:style/Theme.Translucent.NoTitleBar" />
104-->[com.google.android.gms:play-services-base:18.5.0] AndroidManifest.xml:5:86-145
105
106        <meta-data
106-->[com.google.android.gms:play-services-basement:18.4.0] AndroidManifest.xml:6:9-122
107            android:name="com.google.android.gms.version"
107-->[com.google.android.gms:play-services-basement:18.4.0] AndroidManifest.xml:6:20-65
108            android:value="@integer/google_play_services_version" />
108-->[com.google.android.gms:play-services-basement:18.4.0] AndroidManifest.xml:6:66-119
109
110        <provider
110-->[androidx.emoji2:emoji2:1.2.0] AndroidManifest.xml:24:9-32:20
111            android:name="androidx.startup.InitializationProvider"
111-->[androidx.emoji2:emoji2:1.2.0] AndroidManifest.xml:25:13-67
112            android:authorities="com.gertec.recognition.androidx-startup"
112-->[androidx.emoji2:emoji2:1.2.0] AndroidManifest.xml:26:13-68
113            android:exported="false" >
113-->[androidx.emoji2:emoji2:1.2.0] AndroidManifest.xml:27:13-37
114            <meta-data
114-->[androidx.emoji2:emoji2:1.2.0] AndroidManifest.xml:29:13-31:52
115                android:name="androidx.emoji2.text.EmojiCompatInitializer"
115-->[androidx.emoji2:emoji2:1.2.0] AndroidManifest.xml:30:17-75
116                android:value="androidx.startup" />
116-->[androidx.emoji2:emoji2:1.2.0] AndroidManifest.xml:31:17-49
117            <meta-data
117-->[androidx.lifecycle:lifecycle-process:2.4.1] AndroidManifest.xml:31:13-33:52
118                android:name="androidx.lifecycle.ProcessLifecycleInitializer"
118-->[androidx.lifecycle:lifecycle-process:2.4.1] AndroidManifest.xml:32:17-78
119                android:value="androidx.startup" />
119-->[androidx.lifecycle:lifecycle-process:2.4.1] AndroidManifest.xml:33:17-49
120        </provider>
121
122        <service
122-->[com.google.android.datatransport:transport-backend-cct:2.3.3] AndroidManifest.xml:29:9-35:19
123            android:name="com.google.android.datatransport.runtime.backends.TransportBackendDiscovery"
123-->[com.google.android.datatransport:transport-backend-cct:2.3.3] AndroidManifest.xml:30:13-103
124            android:exported="false" >
124-->[com.google.android.datatransport:transport-backend-cct:2.3.3] AndroidManifest.xml:31:13-37
125            <meta-data
125-->[com.google.android.datatransport:transport-backend-cct:2.3.3] AndroidManifest.xml:32:13-34:39
126                android:name="backend:com.google.android.datatransport.cct.CctBackendFactory"
126-->[com.google.android.datatransport:transport-backend-cct:2.3.3] AndroidManifest.xml:33:17-94
127                android:value="cct" />
127-->[com.google.android.datatransport:transport-backend-cct:2.3.3] AndroidManifest.xml:34:17-36
128        </service>
129        <service
129-->[com.google.android.datatransport:transport-runtime:2.2.6] AndroidManifest.xml:26:9-30:19
130            android:name="com.google.android.datatransport.runtime.scheduling.jobscheduling.JobInfoSchedulerService"
130-->[com.google.android.datatransport:transport-runtime:2.2.6] AndroidManifest.xml:27:13-117
131            android:exported="false"
131-->[com.google.android.datatransport:transport-runtime:2.2.6] AndroidManifest.xml:28:13-37
132            android:permission="android.permission.BIND_JOB_SERVICE" >
132-->[com.google.android.datatransport:transport-runtime:2.2.6] AndroidManifest.xml:29:13-69
133        </service>
134
135        <receiver
135-->[com.google.android.datatransport:transport-runtime:2.2.6] AndroidManifest.xml:32:9-34:40
136            android:name="com.google.android.datatransport.runtime.scheduling.jobscheduling.AlarmManagerSchedulerBroadcastReceiver"
136-->[com.google.android.datatransport:transport-runtime:2.2.6] AndroidManifest.xml:33:13-132
137            android:exported="false" />
137-->[com.google.android.datatransport:transport-runtime:2.2.6] AndroidManifest.xml:34:13-37
138    </application>
139
140</manifest>
>>>>>>> 092c94a (Primeiro commit do projeto)